Detecting compiler hash for triplet x64-linux...
Compiler found: /usr/bin/c++
The following packages are already installed:
  * asmjit:x64-linux@2025-10-13
    blend2d[core,jit]:x64-linux@2025-03-08#1
  * brotli:x64-linux@1.2.0
  * bzip2[core,tool]:x64-linux@1.0.8#6
    cli11:x64-linux@2.6.2
    doctest:x64-linux@2.5.0
    fmt:x64-linux@12.1.0
    freetype[core,zlib,png,bzip2,brotli]:x64-linux@2.13.3
    fribidi:x64-linux@1.0.16
    glm:x64-linux@1.0.3
    harfbuzz[core,freetype]:x64-linux@13.0.1
    highway:x64-linux@1.3.0#1
  * imath:x64-linux@3.2.2
  * libdeflate[core,zlib,gzip,decompression,compression]:x64-linux@1.25
  * libpng:x64-linux@1.6.55
    magic-enum:x64-linux@0.9.7#1
    meshoptimizer:x64-linux@1.0.1
    nlohmann-json:x64-linux@3.12.0#2
    openexr:x64-linux@3.4.8
  * openjph:x64-linux@0.26.3
    spdlog[core,tz-offset,fmt]:x64-linux@1.17.0
    stb:x64-linux@2024-07-29#1
    tbb:x64-linux@2022.3.0
  * vcpkg-cmake:x64-linux@2024-04-23
  * vcpkg-cmake-config:x64-linux@2024-05-23
  * vcpkg-cmake-get-vars:x64-linux@2025-05-29
  * vcpkg-tool-meson:x64-linux@1.9.0#4
    xxhash:x64-linux@0.8.3
    zlib:x64-linux@1.3.1
The package fmt provides CMake targets:

    find_package(fmt CONFIG REQUIRED)
    target_link_libraries(main PRIVATE fmt::fmt)

    # Or use the header-only version
    find_package(fmt CONFIG REQUIRED)
    target_link_libraries(main PRIVATE fmt::fmt-header-only)

The package glm provides CMake targets:

    find_package(glm CONFIG REQUIRED)
    target_link_libraries(main PRIVATE glm::glm)

    # Or use the header-only version
    find_package(glm CONFIG REQUIRED)
    target_link_libraries(main PRIVATE glm::glm-header-only)

highway provides CMake targets:

    find_package(hwy CONFIG REQUIRED)
    target_link_libraries(main PRIVATE hwy::hwy)

magic-enum provides CMake targets:

    find_package(magic_enum CONFIG REQUIRED)
    target_link_libraries(main PRIVATE magic_enum::magic_enum)

The package nlohmann-json provides CMake targets:

    find_package(nlohmann_json CONFIG REQUIRED)
    target_link_libraries(main PRIVATE nlohmann_json::nlohmann_json)

The package nlohmann-json can be configured to not provide implicit conversions via a custom triplet file:

    set(nlohmann-json_IMPLICIT_CONVERSIONS OFF)

For more information, see the docs here:
    
    https://json.nlohmann.me/api/macros/json_use_implicit_conversions/

The package spdlog provides CMake targets:

    find_package(spdlog CONFIG REQUIRED)
    target_link_libraries(main PRIVATE spdlog::spdlog)

    # Or use the header-only version
    find_package(spdlog CONFIG REQUIRED)
    target_link_libraries(main PRIVATE spdlog::spdlog_header_only)

The package stb provides CMake targets:

    find_package(Stb REQUIRED)
    target_include_directories(main PRIVATE ${Stb_INCLUDE_DIR})
tbb provides CMake targets:

  # this is heuristically generated, and may not be correct
  find_package(TBB CONFIG REQUIRED)
  target_link_libraries(main PRIVATE TBB::tbb TBB::tbbmalloc)

tbb provides pkg-config modules:

  # C++ library for parallel programming on multi-core processors.
  tbb

xxhash provides CMake targets:

  # this is heuristically generated, and may not be correct
  find_package(xxHash CONFIG REQUIRED)
  target_link_libraries(main PRIVATE xxHash::xxhash)

xxhash provides pkg-config modules:

  # extremely fast hash algorithm
  libxxhash

blend2d provides CMake targets:

    find_package(blend2d CONFIG REQUIRED)
    target_link_libraries(main PRIVATE blend2d::blend2d)

cli11 provides CMake targets:

  # this is heuristically generated, and may not be correct
  find_package(CLI11 CONFIG REQUIRED)
  target_link_libraries(main PRIVATE CLI11::CLI11)

cli11 provides pkg-config modules:

  # C++ command line parser
  CLI11

openexr provides CMake targets:

    find_package(OpenEXR CONFIG REQUIRED)
    target_link_libraries(main PRIVATE OpenEXR::OpenEXR)

meshoptimizer provides CMake targets:

  # this is heuristically generated, and may not be correct
  find_package(meshoptimizer CONFIG REQUIRED)
  target_link_libraries(main PRIVATE meshoptimizer::meshoptimizer)

doctest provides CMake targets:

  # this is heuristically generated, and may not be correct
  find_package(doctest CONFIG REQUIRED)
  target_link_libraries(main PRIVATE doctest::doctest)

The package zlib is compatible with built-in CMake targets:

    find_package(ZLIB REQUIRED)
    target_link_libraries(main PRIVATE ZLIB::ZLIB)

freetype is compatible with built-in CMake targets:

    find_package(Freetype REQUIRED)
    target_link_libraries(main PRIVATE Freetype::Freetype) # since CMake 3.10

fribidi provides pkg-config modules:

  # Unicode Bidirectional Algorithm Library
  fribidi

harfbuzz provides CMake targets:

  find_package(harfbuzz CONFIG REQUIRED)
  # HarfBuzz font subsetter
  target_link_libraries(main PRIVATE harfbuzz::harfbuzz-subset)
  # HarfBuzz text shaping library
  target_link_libraries(main PRIVATE harfbuzz::harfbuzz)

harfbuzz provides pkg-config modules:

  # HarfBuzz font subsetter
  harfbuzz-subset

  # HarfBuzz text shaping library
  harfbuzz

All requested installations completed successfully in: 256 us
