Detecting compiler hash for triplet x64-linux...
Compiler found: /usr/bin/c++
The following packages will be built and installed:
  * asmjit:x64-linux@2025-10-13
    blend2d[core,jit]:x64-linux@2025-03-08#1
  * brotli:x64-linux@1.2.0
  * bzip2[core,tool]:x64-linux@1.0.8#6
    cli11:x64-linux@2.6.2
    doctest:x64-linux@2.5.0
    fmt:x64-linux@12.1.0
    freetype[brotli,bzip2,core,png,zlib]:x64-linux@2.13.3
    fribidi:x64-linux@1.0.16
    glm:x64-linux@1.0.3
    harfbuzz[core,freetype]:x64-linux@13.0.1
    highway:x64-linux@1.3.0#1
  * imath:x64-linux@3.2.2
  * libdeflate[compression,core,decompression,gzip,zlib]:x64-linux@1.25
  * libpng:x64-linux@1.6.55
    magic-enum:x64-linux@0.9.7#1
    meshoptimizer:x64-linux@1.0.1
    nlohmann-json:x64-linux@3.12.0#2
    openexr:x64-linux@3.4.8
  * openjph:x64-linux@0.26.3
    spdlog[core,fmt,tz-offset]:x64-linux@1.17.0
    sqlite3[core,json1]:x64-linux@3.52.0
    stb:x64-linux@2024-07-29#1
    tbb:x64-linux@2022.3.0
  * vcpkg-cmake:x64-linux@2024-04-23
  * vcpkg-cmake-config:x64-linux@2024-05-23
  * vcpkg-cmake-get-vars:x64-linux@2025-05-29
  * vcpkg-tool-meson:x64-linux@1.9.0#4
    xxhash:x64-linux@0.8.3
    zlib:x64-linux@1.3.1
Additional packages (*) will be modified to complete this operation.
Restored 30 package(s) from /home/pierone/freebuff_agents/profilo3/.cache/vcpkg/archives in 2 s. Use --debug to see more details.
Installing 1/30 vcpkg-cmake-config:x64-linux@2024-05-23...
vcpkg-cmake-config:x64-linux@2024-05-23 package ABI: 9a0eec3571f2ee9643334ad0bdd4301b1bc15a2156584538eb8e3fb77e34b73b
Elapsed time to handle vcpkg-cmake-config:x64-linux: 1.11 ms
Installing 2/30 vcpkg-cmake:x64-linux@2024-04-23...
vcpkg-cmake:x64-linux@2024-04-23 package ABI: 65f56d8a0d8091a0b0b2927638fbfb80235baac03adfc24abc932f5b71e2e141
Elapsed time to handle vcpkg-cmake:x64-linux: 2.87 ms
Installing 3/30 fmt:x64-linux@12.1.0...
fmt:x64-linux@12.1.0 package ABI: cb05163fc923965db9ea60c0e0c34e0a225b6c00e2a2a241aba92acd6d1f41ec
Elapsed time to handle fmt:x64-linux: 4.92 ms
Installing 4/30 glm:x64-linux@1.0.3...
glm:x64-linux@1.0.3 package ABI: 728ec13d5bf06218e00211a2c89bc2e5b1c87431553508690f1ae503653f1cb1
Elapsed time to handle glm:x64-linux: 16.8 ms
Installing 5/30 highway:x64-linux@1.3.0#1...
highway:x64-linux@1.3.0#1 package ABI: dad47736d6ba7f66f3d66cfc5f662272724f1007a4cb8fa600afff7709fd561b
Elapsed time to handle highway:x64-linux: 4.1 ms
Installing 6/30 magic-enum:x64-linux@0.9.7#1...
magic-enum:x64-linux@0.9.7#1 package ABI: cc2bf05d5fccac1a0f30f692360831425552588b80edd63615b2193650c2efcb
Elapsed time to handle magic-enum:x64-linux: 1.97 ms
Installing 7/30 nlohmann-json:x64-linux@3.12.0#2...
nlohmann-json:x64-linux@3.12.0#2 package ABI: 5b57354fb70d2d0362c40ec998369f9f47784eab6ea1ac51c1345b19ccccb53d
Elapsed time to handle nlohmann-json:x64-linux: 2.32 ms
Installing 8/30 spdlog[core,fmt,tz-offset]:x64-linux@1.17.0...
spdlog[core,fmt,tz-offset]:x64-linux@1.17.0 package ABI: 4f91bde16603f732b7d5ddb39e4f802d11d811ae9c7e9661826ff44a3a70efab
Elapsed time to handle spdlog:x64-linux: 3.11 ms
Installing 9/30 stb:x64-linux@2024-07-29#1...
stb:x64-linux@2024-07-29#1 package ABI: 0da2afb18032db684f8dd75b1e08d1af1b9a17cfbd1dff27d300326b064559ae
Elapsed time to handle stb:x64-linux: 2.06 ms
Installing 10/30 tbb:x64-linux@2022.3.0...
tbb:x64-linux@2022.3.0 package ABI: 288bc5eee69c7040f3568d9167be83239e9f3d1442df1b3a79771cd7915cb4e9
Elapsed time to handle tbb:x64-linux: 3.62 ms
Installing 11/30 xxhash:x64-linux@0.8.3...
xxhash:x64-linux@0.8.3 package ABI: f52d336ac1f4866d42accc8b53e92677b7ffa176279aa192b4a181519bf07fe7
Elapsed time to handle xxhash:x64-linux: 2.19 ms
Installing 12/30 asmjit:x64-linux@2025-10-13...
asmjit:x64-linux@2025-10-13 package ABI: 8de51d15de7c7537eb2a2bbbbbea86eb43b1145c6ee854d435ad46bad2b6ad91
Elapsed time to handle asmjit:x64-linux: 2.72 ms
Installing 13/30 blend2d[core,jit]:x64-linux@2025-03-08#1...
blend2d[core,jit]:x64-linux@2025-03-08#1 package ABI: 3db83fb45cbe19a01e588ccf3db073d7754ecd6868f2973c258e99fba47a14e7
Elapsed time to handle blend2d:x64-linux: 3.86 ms
Installing 14/30 cli11:x64-linux@2.6.2...
cli11:x64-linux@2.6.2 package ABI: 85e0517a1303b10f4298c7b82606934d443cfbfdfd72636b23496836ffc0e337
Elapsed time to handle cli11:x64-linux: 3.52 ms
Installing 15/30 openjph:x64-linux@0.26.3...
openjph:x64-linux@0.26.3 package ABI: b347da872753cc9639cc3b02a3897b8c0234045573f6123fbd64d4ff755b9044
Elapsed time to handle openjph:x64-linux: 3.61 ms
Installing 16/30 libdeflate[compression,core,decompression,gzip,zlib]:x64-linux@1.25...
libdeflate[compression,core,decompression,gzip,zlib]:x64-linux@1.25 package ABI: 4548eee178ae7d1ccc45fc17f69ded41c5f76a22199f65f574cf2a715f88b7d8
Elapsed time to handle libdeflate:x64-linux: 2.94 ms
Installing 17/30 imath:x64-linux@3.2.2...
imath:x64-linux@3.2.2 package ABI: e327054ece70b5d97c931a0676277c74fc36498a806a77b6bbeca3b2a5f28285
Elapsed time to handle imath:x64-linux: 3.73 ms
Installing 18/30 openexr:x64-linux@3.4.8...
openexr:x64-linux@3.4.8 package ABI: 342afbe01f937772319a2661c856f30c044e0e6c45bdecf516faef4794baa539
Elapsed time to handle openexr:x64-linux: 8.25 ms
Installing 19/30 meshoptimizer:x64-linux@1.0.1...
meshoptimizer:x64-linux@1.0.1 package ABI: 677f18a9b88a8be4633194ddda33f6ab6532b3089e02835dfb3a5ef11c843a2f
Elapsed time to handle meshoptimizer:x64-linux: 2.65 ms
Installing 20/30 sqlite3[core,json1]:x64-linux@3.52.0...
sqlite3[core,json1]:x64-linux@3.52.0 package ABI: b607b9e3880d374ebfe8b94e647996a2168e9968d2a1bf38021e0ab43f553c55
Elapsed time to handle sqlite3:x64-linux: 2.91 ms
Installing 21/30 doctest:x64-linux@2.5.0...
doctest:x64-linux@2.5.0 package ABI: 3ab1097be20551ea92a13373b21d8b8604cae9c40b28be661f7d0f279e730b80
Elapsed time to handle doctest:x64-linux: 2.6 ms
Installing 22/30 zlib:x64-linux@1.3.1...
zlib:x64-linux@1.3.1 package ABI: 2a993e29c0e668d1e63393afc2a70ff80136b740bdc374e150a90dbf0d7da19b
Elapsed time to handle zlib:x64-linux: 2.65 ms
Installing 23/30 libpng:x64-linux@1.6.55...
libpng:x64-linux@1.6.55 package ABI: 3e8263b427e04b8bc76dc5039d6ffc05b912c890548619159b80e797bed49076
Elapsed time to handle libpng:x64-linux: 2.91 ms
Installing 24/30 bzip2[core,tool]:x64-linux@1.0.8#6...
bzip2[core,tool]:x64-linux@1.0.8#6 package ABI: c8547226c4a026555a744a7e593cef7c4edf60dbee5991edef7720d3f9e50dd4
Elapsed time to handle bzip2:x64-linux: 3.6 ms
Installing 25/30 brotli:x64-linux@1.2.0...
brotli:x64-linux@1.2.0 package ABI: 36c18b607bf9ca942f881bb2f3edfbd705e5b767654850ff74d0426fa3deadc3
Elapsed time to handle brotli:x64-linux: 2.89 ms
Installing 26/30 freetype[brotli,bzip2,core,png,zlib]:x64-linux@2.13.3...
freetype[brotli,bzip2,core,png,zlib]:x64-linux@2.13.3 package ABI: 24aa138ad2fba9bc7f09695a1572aafcb5f00a2fe5ea41ed9cd0dd8d60fa1bb4
Elapsed time to handle freetype:x64-linux: 3.99 ms
Installing 27/30 vcpkg-cmake-get-vars:x64-linux@2025-05-29...
vcpkg-cmake-get-vars:x64-linux@2025-05-29 package ABI: 4463d049e6d2183100ad8b6a9e16028aa26a66c64e3a911f8cb24fa85d07d531
Elapsed time to handle vcpkg-cmake-get-vars:x64-linux: 3.16 ms
Installing 28/30 vcpkg-tool-meson:x64-linux@1.9.0#4...
vcpkg-tool-meson:x64-linux@1.9.0#4 package ABI: 1f6cd2f53bc321489c87168f308af5a5394070c812e42bdf40f87e345c672d47
Elapsed time to handle vcpkg-tool-meson:x64-linux: 2.69 ms
Installing 29/30 fribidi:x64-linux@1.0.16...
fribidi:x64-linux@1.0.16 package ABI: bc4bafe56820674eb0fd2f818e94173db7ab35c67e6a01ad4ae73d5a0cbfc550
Elapsed time to handle fribidi:x64-linux: 5.63 ms
Installing 30/30 harfbuzz[core,freetype]:x64-linux@13.0.1...
harfbuzz[core,freetype]:x64-linux@13.0.1 package ABI: 387c1b9807b0e3c98fe89da978e2f75e5488af0ba30852281d6a2f07cab9058f
Elapsed time to handle harfbuzz:x64-linux: 3.82 ms
Installed contents are licensed to you by owners. Microsoft is not responsible for, nor does it grant any licenses to, third-party packages.
Packages installed in this vcpkg installation declare the following licenses:
(FTL OR GPL-2.0-or-later)
(MIT OR CC-PDDC)
Apache-2.0
BSD-2-Clause
BSD-3-Clause
LGPL-2.1-or-later
MIT
MIT-Modern-Variant
Zlib
blessing
bzip2-1.0.6
libpng-2.0
The package fmt provides CMake targets:

    find_package(fmt CONFIG REQUIRED)
    target_link_libraries(main PRIVATE fmt::fmt)

    # Or use the header-only version
    find_package(fmt CONFIG REQUIRED)
    target_link_libraries(main PRIVATE fmt::fmt-header-only)

The package glm provides CMake targets:

    find_package(glm CONFIG REQUIRED)
    target_link_libraries(main PRIVATE glm::glm)

    # Or use the header-only version
    find_package(glm CONFIG REQUIRED)
    target_link_libraries(main PRIVATE glm::glm-header-only)

highway provides CMake targets:

    find_package(hwy CONFIG REQUIRED)
    target_link_libraries(main PRIVATE hwy::hwy)

magic-enum provides CMake targets:

    find_package(magic_enum CONFIG REQUIRED)
    target_link_libraries(main PRIVATE magic_enum::magic_enum)

The package nlohmann-json provides CMake targets:

    find_package(nlohmann_json CONFIG REQUIRED)
    target_link_libraries(main PRIVATE nlohmann_json::nlohmann_json)

The package nlohmann-json can be configured to not provide implicit conversions via a custom triplet file:

    set(nlohmann-json_IMPLICIT_CONVERSIONS OFF)

For more information, see the docs here:
    
    https://json.nlohmann.me/api/macros/json_use_implicit_conversions/

The package spdlog provides CMake targets:

    find_package(spdlog CONFIG REQUIRED)
    target_link_libraries(main PRIVATE spdlog::spdlog)

    # Or use the header-only version
    find_package(spdlog CONFIG REQUIRED)
    target_link_libraries(main PRIVATE spdlog::spdlog_header_only)

The package stb provides CMake targets:

    find_package(Stb REQUIRED)
    target_include_directories(main PRIVATE ${Stb_INCLUDE_DIR})
tbb provides CMake targets:

  # this is heuristically generated, and may not be correct
  find_package(TBB CONFIG REQUIRED)
  target_link_libraries(main PRIVATE TBB::tbb TBB::tbbmalloc)

tbb provides pkg-config modules:

  # C++ library for parallel programming on multi-core processors.
  tbb

xxhash provides CMake targets:

  # this is heuristically generated, and may not be correct
  find_package(xxHash CONFIG REQUIRED)
  target_link_libraries(main PRIVATE xxHash::xxhash)

xxhash provides pkg-config modules:

  # extremely fast hash algorithm
  libxxhash

blend2d provides CMake targets:

    find_package(blend2d CONFIG REQUIRED)
    target_link_libraries(main PRIVATE blend2d::blend2d)

cli11 provides CMake targets:

  # this is heuristically generated, and may not be correct
  find_package(CLI11 CONFIG REQUIRED)
  target_link_libraries(main PRIVATE CLI11::CLI11)

cli11 provides pkg-config modules:

  # C++ command line parser
  CLI11

openexr provides CMake targets:

    find_package(OpenEXR CONFIG REQUIRED)
    target_link_libraries(main PRIVATE OpenEXR::OpenEXR)

meshoptimizer provides CMake targets:

  # this is heuristically generated, and may not be correct
  find_package(meshoptimizer CONFIG REQUIRED)
  target_link_libraries(main PRIVATE meshoptimizer::meshoptimizer)

sqlite3 provides pkgconfig bindings.
sqlite3 provides CMake targets:

    find_package(unofficial-sqlite3 CONFIG REQUIRED)
    target_link_libraries(main PRIVATE unofficial::sqlite3::sqlite3)

doctest provides CMake targets:

  # this is heuristically generated, and may not be correct
  find_package(doctest CONFIG REQUIRED)
  target_link_libraries(main PRIVATE doctest::doctest)

The package zlib is compatible with built-in CMake targets:

    find_package(ZLIB REQUIRED)
    target_link_libraries(main PRIVATE ZLIB::ZLIB)

freetype is compatible with built-in CMake targets:

    find_package(Freetype REQUIRED)
    target_link_libraries(main PRIVATE Freetype::Freetype) # since CMake 3.10

fribidi provides pkg-config modules:

  # Unicode Bidirectional Algorithm Library
  fribidi

harfbuzz provides CMake targets:

  find_package(harfbuzz CONFIG REQUIRED)
  # HarfBuzz font subsetter
  target_link_libraries(main PRIVATE harfbuzz::harfbuzz-subset)
  # HarfBuzz text shaping library
  target_link_libraries(main PRIVATE harfbuzz::harfbuzz)

harfbuzz provides pkg-config modules:

  # HarfBuzz font subsetter
  harfbuzz-subset

  # HarfBuzz text shaping library
  harfbuzz

All requested installations completed successfully in: 116 ms
